Feb 14, 2025 1:15:33 PM model.Loggers logInfo
INFO: Front Desk Employee Nadil De Silva Log In To System
Feb 14, 2025 2:03:39 PM gui.SignIn loginButtonActionPerformed
WARNING: User Enterd Invalid email or password.
Feb 14, 2025 2:03:50 PM model.Loggers logInfo
INFO: Front Desk Employee Nadil De Silva Log In To System
Feb 14, 2025 2:10:25 PM gui.SignIn loginButtonActionPerformed
WARNING: User Enterd Invalid email or password.
Feb 14, 2025 2:10:32 PM model.Loggers logInfo
INFO: Front Desk Employee Nadil De Silva Log In To System
Feb 14, 2025 2:16:12 PM model.Loggers logInfo
INFO: Front Desk Employee Nadil De Silva Log In To System
Feb 14, 2025 2:19:29 PM model.Loggers logInfo
INFO: Front Desk Employee Nadil De Silva Log In To System
Feb 14, 2025 2:44:51 PM model.Loggers logInfo
INFO: Front Desk Employee Nadil De Silva Log In To System
Mar 21, 2025 10:08:29 PM model.Loggers logInfo
INFO: Front Desk Employee Nadil De Silva Log In To System
Mar 21, 2025 10:10:00 PM model.Loggers logInfo
INFO: Front Desk Employee Nadil De Silva Log In To System
Mar 21, 2025 10:11:30 PM model.Loggers logInfo
INFO: Genaral Manager Kovidha Subasinghe Log In To System
